Started GET "/" for ::1 at 2025-03-17 12:53:28 -0400
  [1m[35m (0.2ms)[0m  [1m[35mCREATE TABLE "schema_migrations" ("version" varchar NOT NULL PRIMARY KEY) /*application='Blog'*/[0m
  [1m[35m (0.1ms)[0m  [1m[35mCREATE TABLE "ar_internal_metadata" ("key" varchar NOT NULL PRIMARY KEY, "value" varchar, "created_at" datetime(6) NOT NULL, "updated_at" datetime(6) NOT NULL) /*application='Blog'*/[0m
  [1m[36mActiveRecord::SchemaMigration Load (0.1ms)[0m  [1m[34mSELECT "schema_migrations"."version" FROM "schema_migrations" ORDER BY "schema_migrations"."version" ASC /*application='Blog'*/[0m
Processing by Rails::WelcomeController#index as HTML
  Rendering /Users/gavinomelia/.rbenv/versions/3.3.6/lib/ruby/gems/3.3.0/gems/railties-8.0.2/lib/rails/templates/rails/welcome/index.html.erb
  Rendered /Users/gavinomelia/.rbenv/versions/3.3.6/lib/ruby/gems/3.3.0/gems/railties-8.0.2/lib/rails/templates/rails/welcome/index.html.erb (Duration: 0.3ms | GC: 0.0ms)
Completed 200 OK in 56ms (Views: 3.6ms | ActiveRecord: 0.0ms (0 queries, 0 cached) | GC: 0.0ms)


  [1m[36mActiveRecord::SchemaMigration Load (0.1ms)[0m  [1m[34mSELECT "schema_migrations"."version" FROM "schema_migrations" ORDER BY "schema_migrations"."version" ASC /*application='Blog'*/[0m
Started GET "/" for ::1 at 2025-03-17 12:54:55 -0400
  [1m[36mActiveRecord::SchemaMigration Load (0.1ms)[0m  [1m[34mSELECT "schema_migrations"."version" FROM "schema_migrations" ORDER BY "schema_migrations"."version" ASC /*application='Blog'*/[0m
Processing by Rails::WelcomeController#index as HTML
  Rendering /Users/gavinomelia/.rbenv/versions/3.3.6/lib/ruby/gems/3.3.0/gems/railties-8.0.2/lib/rails/templates/rails/welcome/index.html.erb
  Rendered /Users/gavinomelia/.rbenv/versions/3.3.6/lib/ruby/gems/3.3.0/gems/railties-8.0.2/lib/rails/templates/rails/welcome/index.html.erb (Duration: 0.3ms | GC: 0.0ms)
Completed 200 OK in 39ms (Views: 1.3ms | ActiveRecord: 0.0ms (0 queries, 0 cached) | GC: 0.0ms)


Started GET "/articles" for ::1 at 2025-03-17 12:55:00 -0400
Processing by ArticlesController#index as HTML
  Rendering layout layouts/application.html.erb
  Rendering articles/index.html.erb within layouts/application
  Rendered articles/index.html.erb within layouts/application (Duration: 0.2ms | GC: 0.0ms)
  Rendered layout layouts/application.html.erb (Duration: 16.8ms | GC: 9.1ms)
Completed 200 OK in 69ms (Views: 17.9ms | ActiveRecord: 0.0ms (0 queries, 0 cached) | GC: 9.1ms)


Started GET "/assets/application-8b441ae0.css" for ::1 at 2025-03-17 12:55:00 -0400
Started GET "/assets/application-bfcdf840.js" for ::1 at 2025-03-17 12:55:00 -0400
Started GET "/assets/stimulus-loading-1fc53fe7.js" for ::1 at 2025-03-17 12:55:00 -0400
Started GET "/assets/controllers/hello_controller-708796bd.js" for ::1 at 2025-03-17 12:55:00 -0400
Started GET "/assets/controllers/index-ee64e1f1.js" for ::1 at 2025-03-17 12:55:00 -0400
Started GET "/assets/turbo.min-1262d735.js" for ::1 at 2025-03-17 12:55:00 -0400
Started GET "/assets/stimulus.min-4b1e420e.js" for ::1 at 2025-03-17 12:55:00 -0400
Started GET "/assets/controllers/application-3affb389.js" for ::1 at 2025-03-17 12:55:00 -0400
Started GET "/" for ::1 at 2025-03-17 12:55:24 -0400
Processing by ArticlesController#index as HTML
  Rendering layout layouts/application.html.erb
  Rendering articles/index.html.erb within layouts/application
  Rendered articles/index.html.erb within layouts/application (Duration: 0.2ms | GC: 0.0ms)
  Rendered layout layouts/application.html.erb (Duration: 6.6ms | GC: 0.0ms)
Completed 200 OK in 29ms (Views: 7.4ms | ActiveRecord: 0.0ms (0 queries, 0 cached) | GC: 0.0ms)


  [1m[36mCACHE ActiveRecord::SchemaMigration Load (0.0ms)[0m  [1m[34mSELECT "schema_migrations"."version" FROM "schema_migrations" ORDER BY "schema_migrations"."version" ASC[0m
  [1m[36mActiveRecord::InternalMetadata Load (1.0ms)[0m  [1m[34mSELECT * FROM "ar_internal_metadata" WHERE "ar_internal_metadata"."key" = 'environment' ORDER BY "ar_internal_metadata"."key" ASC LIMIT 1 /*application='Blog'*/[0m
  [1m[36mActiveRecord::InternalMetadata Create (0.4ms)[0m  [1m[32mINSERT INTO "ar_internal_metadata" ("key", "value", "created_at", "updated_at") VALUES ('environment', 'development', '2025-03-17 16:55:56.844034', '2025-03-17 16:55:56.844035') RETURNING "key" /*application='Blog'*/[0m
  [1m[36mActiveRecord::SchemaMigration Load (0.0ms)[0m  [1m[34mSELECT "schema_migrations"."version" FROM "schema_migrations" ORDER BY "schema_migrations"."version" ASC /*application='Blog'*/[0m
Migrating to CreateArticles (20250317165545)
  [1m[36mTRANSACTION (0.0ms)[0m  [1m[35mBEGIN immediate TRANSACTION /*application='Blog'*/[0m
  [1m[35m (0.4ms)[0m  [1m[35mCREATE TABLE "articles" ("id" integer PRIMARY KEY AUTOINCREMENT NOT NULL, "title" varchar, "body" text, "created_at" datetime(6) NOT NULL, "updated_at" datetime(6) NOT NULL) /*application='Blog'*/[0m
  [1m[36mActiveRecord::SchemaMigration Create (0.0ms)[0m  [1m[32mINSERT INTO "schema_migrations" ("version") VALUES ('20250317165545') RETURNING "version" /*application='Blog'*/[0m
  [1m[36mTRANSACTION (0.1ms)[0m  [1m[35mCOMMIT TRANSACTION /*application='Blog'*/[0m
  [1m[36mActiveRecord::SchemaMigration Load (0.0ms)[0m  [1m[34mSELECT "schema_migrations"."version" FROM "schema_migrations" ORDER BY "schema_migrations"."version" ASC /*application='Blog'*/[0m
  [1m[36mTRANSACTION (0.3ms)[0m  [1m[35mBEGIN immediate TRANSACTION /*application='Blog'*/[0m
  [1m[36mArticle Create (1.9ms)[0m  [1m[32mINSERT INTO "articles" ("title", "body", "created_at", "updated_at") VALUES ('Hello Rails', 'I am on Rails!', '2025-03-17 16:56:24.892580', '2025-03-17 16:56:24.892580') RETURNING "id" /*application='Blog'*/[0m
  [1m[36mTRANSACTION (1.1ms)[0m  [1m[35mCOMMIT TRANSACTION /*application='Blog'*/[0m
  [1m[36mArticle Load (0.2ms)[0m  [1m[34mSELECT "articles".* FROM "articles" WHERE "articles"."id" = 1 LIMIT 1 /*application='Blog'*/[0m
Started GET "/" for ::1 at 2025-03-17 12:57:16 -0400
  [1m[36mActiveRecord::SchemaMigration Load (0.1ms)[0m  [1m[34mSELECT "schema_migrations"."version" FROM "schema_migrations" ORDER BY "schema_migrations"."version" ASC /*application='Blog'*/[0m
Processing by ArticlesController#index as HTML
  Rendering layout layouts/application.html.erb
  Rendering articles/index.html.erb within layouts/application
  [1m[36mArticle Load (0.4ms)[0m  [1m[34mSELECT "articles".* FROM "articles" /*action='index',application='Blog',controller='articles'*/[0m
  ↳ app/views/articles/index.html.erb:4
  Rendered articles/index.html.erb within layouts/application (Duration: 3.6ms | GC: 0.0ms)
  Rendered layout layouts/application.html.erb (Duration: 16.4ms | GC: 7.1ms)
Completed 200 OK in 59ms (Views: 17.0ms | ActiveRecord: 0.7ms (1 query, 0 cached) | GC: 7.1ms)


Started GET "/" for ::1 at 2025-03-17 12:59:16 -0400
Processing by ArticlesController#index as HTML
  Rendering layout layouts/application.html.erb
  Rendering articles/index.html.erb within layouts/application
  [1m[36mArticle Load (0.7ms)[0m  [1m[34mSELECT "articles".* FROM "articles" /*action='index',application='Blog',controller='articles'*/[0m
  ↳ app/views/articles/index.html.erb:4
  Rendered articles/index.html.erb within layouts/application (Duration: 2.7ms | GC: 0.2ms)
  Rendered layout layouts/application.html.erb (Duration: 4.0ms | GC: 0.4ms)
Completed 200 OK in 26ms (Views: 3.8ms | ActiveRecord: 0.8ms (1 query, 0 cached) | GC: 0.4ms)


Started GET "/" for ::1 at 2025-03-17 12:59:18 -0400
Processing by ArticlesController#index as HTML
  Rendering layout layouts/application.html.erb
  Rendering articles/index.html.erb within layouts/application
  [1m[36mArticle Load (0.2ms)[0m  [1m[34mSELECT "articles".* FROM "articles" /*action='index',application='Blog',controller='articles'*/[0m
  ↳ app/views/articles/index.html.erb:4
  Rendered articles/index.html.erb within layouts/application (Duration: 1.5ms | GC: 0.0ms)
  Rendered layout layouts/application.html.erb (Duration: 2.8ms | GC: 0.3ms)
Completed 200 OK in 46ms (Views: 3.0ms | ActiveRecord: 0.2ms (1 query, 0 cached) | GC: 0.3ms)


Started GET "/" for ::1 at 2025-03-17 12:59:19 -0400
Processing by ArticlesController#index as HTML
  Rendering layout layouts/application.html.erb
  Rendering articles/index.html.erb within layouts/application
  [1m[36mArticle Load (0.2ms)[0m  [1m[34mSELECT "articles".* FROM "articles" /*action='index',application='Blog',controller='articles'*/[0m
  ↳ app/views/articles/index.html.erb:4
  Rendered articles/index.html.erb within layouts/application (Duration: 1.2ms | GC: 0.0ms)
  Rendered layout layouts/application.html.erb (Duration: 2.0ms | GC: 0.0ms)
Completed 200 OK in 46ms (Views: 2.2ms | ActiveRecord: 0.1ms (1 query, 0 cached) | GC: 0.0ms)


Started GET "/articles/1" for ::1 at 2025-03-17 12:59:28 -0400
Processing by ArticlesController#show as HTML
  Parameters: {"id"=>"1"}
  [1m[36mArticle Load (0.0ms)[0m  [1m[34mSELECT "articles".* FROM "articles" WHERE "articles"."id" = 1 LIMIT 1 /*action='show',application='Blog',controller='articles'*/[0m
  ↳ app/controllers/articles_controller.rb:7:in `show'
  Rendering layout layouts/application.html.erb
  Rendering articles/show.html.erb within layouts/application
  Rendered articles/show.html.erb within layouts/application (Duration: 0.2ms | GC: 0.0ms)
  Rendered layout layouts/application.html.erb (Duration: 1.4ms | GC: 0.0ms)
Completed 200 OK in 29ms (Views: 2.0ms | ActiveRecord: 0.6ms (1 query, 0 cached) | GC: 0.2ms)


Started GET "/" for ::1 at 2025-03-17 12:59:28 -0400
Processing by ArticlesController#index as HTML
  Rendering layout layouts/application.html.erb
  Rendering articles/index.html.erb within layouts/application
  [1m[36mArticle Load (0.2ms)[0m  [1m[34mSELECT "articles".* FROM "articles" /*action='index',application='Blog',controller='articles'*/[0m
  ↳ app/views/articles/index.html.erb:4
  Rendered articles/index.html.erb within layouts/application (Duration: 6.0ms | GC: 0.0ms)
  Rendered layout layouts/application.html.erb (Duration: 6.2ms | GC: 0.0ms)
Completed 500 Internal Server Error in 49ms (ActiveRecord: 0.2ms (1 query, 0 cached) | GC: 0.0ms)


  
ActionView::Template::Error (undefined local variable or method `show_articles_path' for an instance of #<Class:0x000000011e6ffc88>)
Caused by: NameError (undefined local variable or method `show_articles_path' for an instance of #<Class:0x000000011e6ffc88>)

Information for: ActionView::Template::Error (undefined local variable or method `show_articles_path' for an instance of #<Class:0x000000011e6ffc88>):
    3: <ul>
    4:   <% @articles.each do |article| %>
    5:     <li>
    6:        <%= link_to "articles", show_articles_path %>
    7:       <a href="/articles/<%= article.id %>">
    8:         <%= article.title %>
    9:       </a>
  
app/views/articles/index.html.erb:6
app/views/articles/index.html.erb:4

Information for cause: NameError (undefined local variable or method `show_articles_path' for an instance of #<Class:0x000000011e6ffc88>):
  
app/views/articles/index.html.erb:6
app/views/articles/index.html.erb:4
Started GET "/" for ::1 at 2025-03-17 12:59:43 -0400
Processing by ArticlesController#index as HTML
  Rendering layout layouts/application.html.erb
  Rendering articles/index.html.erb within layouts/application
  [1m[36mArticle Load (0.5ms)[0m  [1m[34mSELECT "articles".* FROM "articles" /*action='index',application='Blog',controller='articles'*/[0m
  ↳ app/views/articles/index.html.erb:4
  Rendered articles/index.html.erb within layouts/application (Duration: 3.5ms | GC: 0.6ms)
  Rendered layout layouts/application.html.erb (Duration: 3.6ms | GC: 0.6ms)
Completed 500 Internal Server Error in 30ms (ActiveRecord: 0.6ms (1 query, 0 cached) | GC: 0.6ms)


  
ActionView::Template::Error (undefined local variable or method `show_article_path' for an instance of #<Class:0x000000011f399c50>)
Caused by: NameError (undefined local variable or method `show_article_path' for an instance of #<Class:0x000000011f399c50>)

Information for: ActionView::Template::Error (undefined local variable or method `show_article_path' for an instance of #<Class:0x000000011f399c50>):
    3: <ul>
    4:   <% @articles.each do |article| %>
    5:     <li>
    6:        <%= link_to "articles", show_article_path %>
    7:       <a href="/articles/<%= article.id %>">
    8:         <%= article.title %>
    9:       </a>
  
app/views/articles/index.html.erb:6
app/views/articles/index.html.erb:4

Information for cause: NameError (undefined local variable or method `show_article_path' for an instance of #<Class:0x000000011f399c50>):
  
app/views/articles/index.html.erb:6
app/views/articles/index.html.erb:4
Started GET "/" for ::1 at 2025-03-17 12:59:57 -0400
Processing by ArticlesController#index as HTML
  Rendering layout layouts/application.html.erb
  Rendering articles/index.html.erb within layouts/application
  [1m[36mArticle Load (0.4ms)[0m  [1m[34mSELECT "articles".* FROM "articles" /*action='index',application='Blog',controller='articles'*/[0m
  ↳ app/views/articles/index.html.erb:4
  Rendered articles/index.html.erb within layouts/application (Duration: 2.6ms | GC: 0.1ms)
  Rendered layout layouts/application.html.erb (Duration: 3.9ms | GC: 0.1ms)
Completed 200 OK in 28ms (Views: 4.1ms | ActiveRecord: 0.6ms (1 query, 0 cached) | GC: 0.1ms)


Started GET "/articles/1" for ::1 at 2025-03-17 12:59:58 -0400
Processing by ArticlesController#show as HTML
  Parameters: {"id"=>"1"}
  [1m[36mArticle Load (0.2ms)[0m  [1m[34mSELECT "articles".* FROM "articles" WHERE "articles"."id" = 1 LIMIT 1 /*action='show',application='Blog',controller='articles'*/[0m
  ↳ app/controllers/articles_controller.rb:7:in `show'
  Rendering layout layouts/application.html.erb
  Rendering articles/show.html.erb within layouts/application
  Rendered articles/show.html.erb within layouts/application (Duration: 0.3ms | GC: 0.0ms)
  Rendered layout layouts/application.html.erb (Duration: 1.1ms | GC: 0.0ms)
Completed 200 OK in 40ms (Views: 1.4ms | ActiveRecord: 0.2ms (1 query, 0 cached) | GC: 0.0ms)


Started GET "/articles/1" for ::1 at 2025-03-17 13:00:01 -0400
Processing by ArticlesController#show as HTML
  Parameters: {"id"=>"1"}
  [1m[36mArticle Load (0.1ms)[0m  [1m[34mSELECT "articles".* FROM "articles" WHERE "articles"."id" = 1 LIMIT 1 /*action='show',application='Blog',controller='articles'*/[0m
  ↳ app/controllers/articles_controller.rb:7:in `show'
  Rendering layout layouts/application.html.erb
  Rendering articles/show.html.erb within layouts/application
  Rendered articles/show.html.erb within layouts/application (Duration: 0.1ms | GC: 0.0ms)
  Rendered layout layouts/application.html.erb (Duration: 0.7ms | GC: 0.0ms)
Completed 200 OK in 37ms (Views: 0.9ms | ActiveRecord: 0.1ms (1 query, 0 cached) | GC: 0.1ms)


Started GET "/" for ::1 at 2025-03-17 13:00:41 -0400
Processing by ArticlesController#index as HTML
  Rendering layout layouts/application.html.erb
  Rendering articles/index.html.erb within layouts/application
  [1m[36mArticle Load (0.4ms)[0m  [1m[34mSELECT "articles".* FROM "articles" /*action='index',application='Blog',controller='articles'*/[0m
  ↳ app/views/articles/index.html.erb:4
  Rendered articles/index.html.erb within layouts/application (Duration: 4.1ms | GC: 1.6ms)
  Rendered layout layouts/application.html.erb (Duration: 6.2ms | GC: 2.2ms)
Completed 200 OK in 33ms (Views: 6.5ms | ActiveRecord: 0.5ms (1 query, 0 cached) | GC: 2.2ms)


Started GET "/articles/1" for ::1 at 2025-03-17 13:00:42 -0400
Processing by ArticlesController#show as HTML
  Parameters: {"id"=>"1"}
  [1m[36mArticle Load (0.2ms)[0m  [1m[34mSELECT "articles".* FROM "articles" WHERE "articles"."id" = 1 LIMIT 1 /*action='show',application='Blog',controller='articles'*/[0m
  ↳ app/controllers/articles_controller.rb:7:in `show'
  Rendering layout layouts/application.html.erb
  Rendering articles/show.html.erb within layouts/application
  Rendered articles/show.html.erb within layouts/application (Duration: 0.4ms | GC: 0.0ms)
  Rendered layout layouts/application.html.erb (Duration: 1.9ms | GC: 0.6ms)
Completed 200 OK in 41ms (Views: 2.2ms | ActiveRecord: 0.2ms (1 query, 0 cached) | GC: 0.6ms)


Started GET "/articles/1" for ::1 at 2025-03-17 13:00:43 -0400
Processing by ArticlesController#show as HTML
  Parameters: {"id"=>"1"}
  [1m[36mArticle Load (0.2ms)[0m  [1m[34mSELECT "articles".* FROM "articles" WHERE "articles"."id" = 1 LIMIT 1 /*action='show',application='Blog',controller='articles'*/[0m
  ↳ app/controllers/articles_controller.rb:7:in `show'
  Rendering layout layouts/application.html.erb
  Rendering articles/show.html.erb within layouts/application
  Rendered articles/show.html.erb within layouts/application (Duration: 0.1ms | GC: 0.0ms)
  Rendered layout layouts/application.html.erb (Duration: 1.0ms | GC: 0.0ms)
Completed 200 OK in 43ms (Views: 1.3ms | ActiveRecord: 0.2ms (1 query, 0 cached) | GC: 0.0ms)


Started GET "/" for ::1 at 2025-03-17 13:02:15 -0400
  [1m[36mActiveRecord::SchemaMigration Load (0.1ms)[0m  [1m[34mSELECT "schema_migrations"."version" FROM "schema_migrations" ORDER BY "schema_migrations"."version" ASC /*application='Blog'*/[0m
Processing by ArticlesController#index as HTML
  Rendering layout layouts/application.html.erb
  Rendering articles/index.html.erb within layouts/application
  [1m[36mArticle Load (0.7ms)[0m  [1m[34mSELECT "articles".* FROM "articles" /*action='index',application='Blog',controller='articles'*/[0m
  ↳ app/views/articles/index.html.erb:4
  Rendered articles/index.html.erb within layouts/application (Duration: 3.9ms | GC: 0.0ms)
  Rendered layout layouts/application.html.erb (Duration: 16.6ms | GC: 6.9ms)
Completed 200 OK in 65ms (Views: 17.0ms | ActiveRecord: 1.0ms (1 query, 0 cached) | GC: 6.9ms)


Started GET "/" for ::1 at 2025-03-17 13:02:16 -0400
Processing by ArticlesController#index as HTML
  Rendering layout layouts/application.html.erb
  Rendering articles/index.html.erb within layouts/application
  [1m[36mArticle Load (0.1ms)[0m  [1m[34mSELECT "articles".* FROM "articles" /*action='index',application='Blog',controller='articles'*/[0m
  ↳ app/views/articles/index.html.erb:4
  Rendered articles/index.html.erb within layouts/application (Duration: 0.9ms | GC: 0.0ms)
  Rendered layout layouts/application.html.erb (Duration: 1.9ms | GC: 0.0ms)
Completed 200 OK in 44ms (Views: 2.3ms | ActiveRecord: 0.1ms (1 query, 0 cached) | GC: 0.0ms)


Started GET "/articles/1" for ::1 at 2025-03-17 13:02:17 -0400
Processing by ArticlesController#show as HTML
  Parameters: {"id"=>"1"}
  [1m[36mArticle Load (0.1ms)[0m  [1m[34mSELECT "articles".* FROM "articles" WHERE "articles"."id" = 1 LIMIT 1 /*action='show',application='Blog',controller='articles'*/[0m
  ↳ app/controllers/articles_controller.rb:7:in `show'
  Rendering layout layouts/application.html.erb
  Rendering articles/show.html.erb within layouts/application
  Rendered articles/show.html.erb within layouts/application (Duration: 0.3ms | GC: 0.0ms)
  Rendered layout layouts/application.html.erb (Duration: 1.0ms | GC: 0.0ms)
Completed 200 OK in 41ms (Views: 1.2ms | ActiveRecord: 0.1ms (1 query, 0 cached) | GC: 0.0ms)


Started GET "/articles/new" for ::1 at 2025-03-17 13:02:26 -0400
Processing by ArticlesController#new as HTML
  Rendering layout layouts/application.html.erb
  Rendering articles/new.html.erb within layouts/application
  Rendered articles/new.html.erb within layouts/application (Duration: 6.1ms | GC: 0.0ms)
  Rendered layout layouts/application.html.erb (Duration: 13.4ms | GC: 6.9ms)
Completed 200 OK in 51ms (Views: 13.7ms | ActiveRecord: 0.0ms (0 queries, 0 cached) | GC: 6.9ms)


Started POST "/articles" for ::1 at 2025-03-17 13:02:37 -0400
Processing by ArticlesController#create as TURBO_STREAM
  Parameters: {"authenticity_token"=>"[FILTERED]", "article"=>{"title"=>"Hello There", "body"=>"This is a test"}, "commit"=>"Create Article"}
  [1m[36mTRANSACTION (0.1ms)[0m  [1m[35mBEGIN immediate TRANSACTION /*action='create',application='Blog',controller='articles'*/[0m
  ↳ app/controllers/articles_controller.rb:17:in `create'
  [1m[36mArticle Create (1.2ms)[0m  [1m[32mINSERT INTO "articles" ("title", "body", "created_at", "updated_at") VALUES ('...', '...', '2025-03-17 17:02:37.788172', '2025-03-17 17:02:37.788172') RETURNING "id" /*action='create',application='Blog',controller='articles'*/[0m
  ↳ app/controllers/articles_controller.rb:17:in `create'
  [1m[36mTRANSACTION (0.1ms)[0m  [1m[35mCOMMIT TRANSACTION /*action='create',application='Blog',controller='articles'*/[0m
  ↳ app/controllers/articles_controller.rb:17:in `create'
Redirected to http://localhost:3000/articles/2
Completed 302 Found in 40ms (ActiveRecord: 1.4ms (1 query, 0 cached) | GC: 0.5ms)


Started GET "/articles/2" for ::1 at 2025-03-17 13:02:37 -0400
Processing by ArticlesController#show as TURBO_STREAM
  Parameters: {"id"=>"2"}
  [1m[36mArticle Load (0.1ms)[0m  [1m[34mSELECT "articles".* FROM "articles" WHERE "articles"."id" = 2 LIMIT 1 /*action='show',application='Blog',controller='articles'*/[0m
  ↳ app/controllers/articles_controller.rb:7:in `show'
  Rendering layout layouts/application.html.erb
  Rendering articles/show.html.erb within layouts/application
  Rendered articles/show.html.erb within layouts/application (Duration: 0.0ms | GC: 0.0ms)
  Rendered layout layouts/application.html.erb (Duration: 0.4ms | GC: 0.0ms)
Completed 200 OK in 22ms (Views: 0.6ms | ActiveRecord: 0.1ms (1 query, 0 cached) | GC: 0.2ms)


Started GET "/articles/2" for ::1 at 2025-03-17 13:02:40 -0400
Processing by ArticlesController#show as HTML
  Parameters: {"id"=>"2"}
  [1m[36mArticle Load (0.2ms)[0m  [1m[34mSELECT "articles".* FROM "articles" WHERE "articles"."id" = 2 LIMIT 1 /*action='show',application='Blog',controller='articles'*/[0m
  ↳ app/controllers/articles_controller.rb:7:in `show'
  Rendering layout layouts/application.html.erb
  Rendering articles/show.html.erb within layouts/application
  Rendered articles/show.html.erb within layouts/application (Duration: 0.1ms | GC: 0.0ms)
  Rendered layout layouts/application.html.erb (Duration: 0.9ms | GC: 0.0ms)
Completed 200 OK in 44ms (Views: 1.2ms | ActiveRecord: 0.2ms (1 query, 0 cached) | GC: 0.0ms)


Started GET "/articles/" for ::1 at 2025-03-17 13:02:42 -0400
Processing by ArticlesController#index as HTML
  Rendering layout layouts/application.html.erb
  Rendering articles/index.html.erb within layouts/application
  [1m[36mArticle Load (0.2ms)[0m  [1m[34mSELECT "articles".* FROM "articles" /*action='index',application='Blog',controller='articles'*/[0m
  ↳ app/views/articles/index.html.erb:4
  Rendered articles/index.html.erb within layouts/application (Duration: 1.8ms | GC: 0.0ms)
  Rendered layout layouts/application.html.erb (Duration: 2.9ms | GC: 0.0ms)
Completed 200 OK in 46ms (Views: 3.2ms | ActiveRecord: 0.2ms (1 query, 0 cached) | GC: 0.0ms)


Started GET "/articles/2" for ::1 at 2025-03-17 13:02:44 -0400
Processing by ArticlesController#show as HTML
  Parameters: {"id"=>"2"}
  [1m[36mArticle Load (0.1ms)[0m  [1m[34mSELECT "articles".* FROM "articles" WHERE "articles"."id" = 2 LIMIT 1 /*action='show',application='Blog',controller='articles'*/[0m
  ↳ app/controllers/articles_controller.rb:7:in `show'
  Rendering layout layouts/application.html.erb
  Rendering articles/show.html.erb within layouts/application
  Rendered articles/show.html.erb within layouts/application (Duration: 0.1ms | GC: 0.0ms)
  Rendered layout layouts/application.html.erb (Duration: 0.6ms | GC: 0.0ms)
Completed 200 OK in 44ms (Views: 0.8ms | ActiveRecord: 0.1ms (1 query, 0 cached) | GC: 0.0ms)


Started GET "/articles/nwe" for ::1 at 2025-03-17 13:03:48 -0400
Processing by ArticlesController#show as HTML
  Parameters: {"id"=>"nwe"}
  [1m[36mArticle Load (0.0ms)[0m  [1m[34mSELECT "articles".* FROM "articles" WHERE "articles"."id" = NULL LIMIT 1 /*action='show',application='Blog',controller='articles'*/[0m
  ↳ app/controllers/articles_controller.rb:7:in `show'
Completed 404 Not Found in 32ms (ActiveRecord: 1.4ms (1 query, 0 cached) | GC: 6.5ms)


  
ActiveRecord::RecordNotFound (Couldn't find Article with 'id'=nwe):
  
app/controllers/articles_controller.rb:7:in `show'
Started GET "/articles/new" for ::1 at 2025-03-17 13:04:11 -0400
Processing by ArticlesController#new as HTML
  Rendering layout layouts/application.html.erb
  Rendering articles/new.html.erb within layouts/application
  Rendered articles/new.html.erb within layouts/application (Duration: 1.1ms | GC: 0.0ms)
  Rendered layout layouts/application.html.erb (Duration: 2.1ms | GC: 0.0ms)
Completed 200 OK in 33ms (Views: 3.1ms | ActiveRecord: 0.7ms (0 queries, 0 cached) | GC: 0.0ms)


Started POST "/articles" for ::1 at 2025-03-17 13:04:19 -0400
Processing by ArticlesController#create as TURBO_STREAM
  Parameters: {"authenticity_token"=>"[FILTERED]", "article"=>{"title"=>"Hello there!", "body"=>"This is a test!"}, "commit"=>"Create Article"}
  Rendering layout layouts/application.html.erb
  Rendering articles/new.html.erb within layouts/application
  Rendered articles/new.html.erb within layouts/application (Duration: 1.0ms | GC: 0.0ms)
  Rendered layout layouts/application.html.erb (Duration: 2.0ms | GC: 0.5ms)
Completed 422 Unprocessable Content in 40ms (Views: 2.4ms | ActiveRecord: 0.0ms (0 queries, 0 cached) | GC: 0.5ms)


Started POST "/articles" for ::1 at 2025-03-17 13:04:21 -0400
Processing by ArticlesController#create as TURBO_STREAM
  Parameters: {"authenticity_token"=>"[FILTERED]", "article"=>{"title"=>"...", "body"=>"..."}, "commit"=>"Create Article"}
  Rendering layout layouts/application.html.erb
  Rendering articles/new.html.erb within layouts/application
  Rendered articles/new.html.erb within layouts/application (Duration: 0.8ms | GC: 0.0ms)
  Rendered layout layouts/application.html.erb (Duration: 1.6ms | GC: 0.4ms)
Completed 422 Unprocessable Content in 46ms (Views: 1.9ms | ActiveRecord: 0.0ms (0 queries, 0 cached) | GC: 0.4ms)


Started POST "/articles" for ::1 at 2025-03-17 13:04:26 -0400
Processing by ArticlesController#create as TURBO_STREAM
  Parameters: {"authenticity_token"=>"[FILTERED]", "article"=>{"title"=>"Hullo", "body"=>"Hi"}, "commit"=>"Create Article"}
  Rendering layout layouts/application.html.erb
  Rendering articles/new.html.erb within layouts/application
  Rendered articles/new.html.erb within layouts/application (Duration: 0.9ms | GC: 0.0ms)
  Rendered layout layouts/application.html.erb (Duration: 1.5ms | GC: 0.0ms)
Completed 422 Unprocessable Content in 43ms (Views: 1.8ms | ActiveRecord: 0.0ms (0 queries, 0 cached) | GC: 0.0ms)


Started POST "/articles" for ::1 at 2025-03-17 13:04:49 -0400
Processing by ArticlesController#create as TURBO_STREAM
  Parameters: {"authenticity_token"=>"[FILTERED]", "article"=>{"title"=>"Hello There", "body"=>"This is a test. It must be long to actually create!"}, "commit"=>"Create Article"}
  Rendering layout layouts/application.html.erb
  Rendering articles/new.html.erb within layouts/application
  Rendered articles/new.html.erb within layouts/application (Duration: 1.0ms | GC: 0.0ms)
  Rendered layout layouts/application.html.erb (Duration: 1.4ms | GC: 0.0ms)
Completed 422 Unprocessable Content in 41ms (Views: 1.7ms | ActiveRecord: 0.0ms (0 queries, 0 cached) | GC: 0.5ms)


Started GET "/articles/" for ::1 at 2025-03-17 13:04:52 -0400
Processing by ArticlesController#index as HTML
  Rendering layout layouts/application.html.erb
  Rendering articles/index.html.erb within layouts/application
  [1m[36mArticle Load (0.2ms)[0m  [1m[34mSELECT "articles".* FROM "articles" /*action='index',application='Blog',controller='articles'*/[0m
  ↳ app/views/articles/index.html.erb:4
  Rendered articles/index.html.erb within layouts/application (Duration: 2.3ms | GC: 0.0ms)
  Rendered layout layouts/application.html.erb (Duration: 4.0ms | GC: 0.5ms)
Completed 200 OK in 48ms (Views: 4.4ms | ActiveRecord: 0.2ms (1 query, 0 cached) | GC: 0.5ms)


Started GET "/articles/" for ::1 at 2025-03-17 13:05:20 -0400
Processing by ArticlesController#index as HTML
  Rendering layout layouts/application.html.erb
  Rendering articles/index.html.erb within layouts/application
  [1m[36mArticle Load (0.8ms)[0m  [1m[34mSELECT "articles".* FROM "articles" /*action='index',application='Blog',controller='articles'*/[0m
  ↳ app/views/articles/index.html.erb:4
  Rendered articles/index.html.erb within layouts/application (Duration: 6.5ms | GC: 3.8ms)
  Rendered layout layouts/application.html.erb (Duration: 11.0ms | GC: 6.9ms)
Completed 200 OK in 33ms (Views: 11.3ms | ActiveRecord: 1.0ms (1 query, 0 cached) | GC: 9.0ms)


Started GET "/articles/new" for ::1 at 2025-03-17 13:05:21 -0400
Processing by ArticlesController#new as HTML
  Rendering layout layouts/application.html.erb
  Rendering articles/new.html.erb within layouts/application
  Rendered articles/new.html.erb within layouts/application (Duration: 1.5ms | GC: 0.0ms)
  Rendered layout layouts/application.html.erb (Duration: 2.0ms | GC: 0.0ms)
Completed 200 OK in 43ms (Views: 2.3ms | ActiveRecord: 0.0ms (0 queries, 0 cached) | GC: 0.0ms)


Started POST "/articles" for ::1 at 2025-03-17 13:05:26 -0400
Processing by ArticlesController#create as TURBO_STREAM
  Parameters: {"authenticity_token"=>"[FILTERED]", "article"=>{"title"=>"Testing", "body"=>"apoifdjasdpoifjasoidf jaoispdfjpoaisdjfapsiodfjas"}, "commit"=>"Create Article"}
  Rendering layout layouts/application.html.erb
  Rendering articles/new.html.erb within layouts/application
  Rendered articles/new.html.erb within layouts/application (Duration: 0.8ms | GC: 0.0ms)
  Rendered layout layouts/application.html.erb (Duration: 1.2ms | GC: 0.0ms)
Completed 422 Unprocessable Content in 40ms (Views: 1.4ms | ActiveRecord: 0.0ms (0 queries, 0 cached) | GC: 0.0ms)


Started GET "/articles/" for ::1 at 2025-03-17 13:05:27 -0400
Processing by ArticlesController#index as HTML
  Rendering layout layouts/application.html.erb
  Rendering articles/index.html.erb within layouts/application
  [1m[36mArticle Load (0.2ms)[0m  [1m[34mSELECT "articles".* FROM "articles" /*action='index',application='Blog',controller='articles'*/[0m
  ↳ app/views/articles/index.html.erb:4
  Rendered articles/index.html.erb within layouts/application (Duration: 1.4ms | GC: 0.0ms)
  Rendered layout layouts/application.html.erb (Duration: 2.3ms | GC: 0.0ms)
Completed 200 OK in 44ms (Views: 2.5ms | ActiveRecord: 0.2ms (1 query, 0 cached) | GC: 0.0ms)


Started GET "/articles/new" for ::1 at 2025-03-17 13:06:10 -0400
Processing by ArticlesController#new as HTML
  Rendering layout layouts/application.html.erb
  Rendering articles/new.html.erb within layouts/application
  Rendered articles/new.html.erb within layouts/application (Duration: 1.3ms | GC: 0.4ms)
  Rendered layout layouts/application.html.erb (Duration: 2.2ms | GC: 0.4ms)
Completed 200 OK in 30ms (Views: 2.8ms | ActiveRecord: 0.5ms (0 queries, 0 cached) | GC: 0.4ms)


Started GET "/articles/new" for ::1 at 2025-03-17 13:06:11 -0400
Processing by ArticlesController#new as HTML
  Rendering layout layouts/application.html.erb
  Rendering articles/new.html.erb within layouts/application
  Rendered articles/new.html.erb within layouts/application (Duration: 1.1ms | GC: 0.0ms)
  Rendered layout layouts/application.html.erb (Duration: 1.8ms | GC: 0.0ms)
Completed 200 OK in 40ms (Views: 2.2ms | ActiveRecord: 0.0ms (0 queries, 0 cached) | GC: 0.0ms)


  [1m[36mActiveRecord::InternalMetadata Load (0.1ms)[0m  [1m[34mSELECT * FROM "ar_internal_metadata" WHERE "ar_internal_metadata"."key" = 'environment' ORDER BY "ar_internal_metadata"."key" ASC LIMIT 1 /*application='Blog'*/[0m
  [1m[36mActiveRecord::SchemaMigration Load (0.0ms)[0m  [1m[34mSELECT "schema_migrations"."version" FROM "schema_migrations" ORDER BY "schema_migrations"."version" ASC /*application='Blog'*/[0m
  [1m[36mActiveRecord::SchemaMigration Load (0.0ms)[0m  [1m[34mSELECT "schema_migrations"."version" FROM "schema_migrations" ORDER BY "schema_migrations"."version" ASC /*application='Blog'*/[0m
Started GET "/articles/new" for ::1 at 2025-03-17 13:06:26 -0400
  [1m[36mActiveRecord::SchemaMigration Load (0.0ms)[0m  [1m[34mSELECT "schema_migrations"."version" FROM "schema_migrations" ORDER BY "schema_migrations"."version" ASC /*application='Blog'*/[0m
Processing by ArticlesController#new as HTML
  Rendering layout layouts/application.html.erb
  Rendering articles/new.html.erb within layouts/application
  Rendered articles/new.html.erb within layouts/application (Duration: 4.3ms | GC: 0.0ms)
  Rendered layout layouts/application.html.erb (Duration: 15.3ms | GC: 6.3ms)
Completed 200 OK in 63ms (Views: 16.8ms | ActiveRecord: 0.7ms (0 queries, 0 cached) | GC: 6.3ms)


Started GET "/articles/new" for ::1 at 2025-03-17 13:07:36 -0400
Processing by ArticlesController#new as HTML
  Rendering layout layouts/application.html.erb
  Rendering articles/new.html.erb within layouts/application
  Rendered articles/new.html.erb within layouts/application (Duration: 1.1ms | GC: 0.1ms)
  Rendered layout layouts/application.html.erb (Duration: 2.1ms | GC: 0.1ms)
Completed 200 OK in 27ms (Views: 2.8ms | ActiveRecord: 0.7ms (0 queries, 0 cached) | GC: 0.3ms)


Started POST "/articles" for ::1 at 2025-03-17 13:07:42 -0400
Processing by ArticlesController#create as TURBO_STREAM
  Parameters: {"authenticity_token"=>"[FILTERED]", "article"=>{"title"=>"Hello There", "body"=>"asdfoijaspdofijasoidfjaoisjd faoisdjf aopisdf"}, "commit"=>"Create Article"}
  [1m[36mTRANSACTION (0.1ms)[0m  [1m[35mBEGIN immediate TRANSACTION /*action='create',application='Blog',controller='articles'*/[0m
  ↳ app/controllers/articles_controller.rb:17:in `create'
  [1m[36mArticle Create (1.0ms)[0m  [1m[32mINSERT INTO "articles" ("title", "body", "created_at", "updated_at") VALUES ('Hello There', 'asdfoijaspdofijasoidfjaoisjd faoisdjf aopisdf', '2025-03-17 17:07:42.332422', '2025-03-17 17:07:42.332422') RETURNING "id" /*action='create',application='Blog',controller='articles'*/[0m
  ↳ app/controllers/articles_controller.rb:17:in `create'
  [1m[36mTRANSACTION (0.2ms)[0m  [1m[35mCOMMIT TRANSACTION /*action='create',application='Blog',controller='articles'*/[0m
  ↳ app/controllers/articles_controller.rb:17:in `create'
Redirected to http://localhost:3000/articles/3
Completed 302 Found in 39ms (ActiveRecord: 1.3ms (1 query, 0 cached) | GC: 0.0ms)


Started GET "/articles/3" for ::1 at 2025-03-17 13:07:42 -0400
Processing by ArticlesController#show as TURBO_STREAM
  Parameters: {"id"=>"3"}
  [1m[36mArticle Load (0.1ms)[0m  [1m[34mSELECT "articles".* FROM "articles" WHERE "articles"."id" = 3 LIMIT 1 /*action='show',application='Blog',controller='articles'*/[0m
  ↳ app/controllers/articles_controller.rb:7:in `show'
  Rendering layout layouts/application.html.erb
  Rendering articles/show.html.erb within layouts/application
  Rendered articles/show.html.erb within layouts/application (Duration: 0.2ms | GC: 0.0ms)
  Rendered layout layouts/application.html.erb (Duration: 0.7ms | GC: 0.0ms)
Completed 200 OK in 26ms (Views: 0.9ms | ActiveRecord: 0.1ms (1 query, 0 cached) | GC: 0.0ms)


Started GET "/articles/3" for ::1 at 2025-03-17 13:09:23 -0400
  [1m[36mActiveRecord::SchemaMigration Load (0.0ms)[0m  [1m[34mSELECT "schema_migrations"."version" FROM "schema_migrations" ORDER BY "schema_migrations"."version" ASC /*application='Blog'*/[0m
Processing by ArticlesController#show as HTML
  Parameters: {"id"=>"3"}
  [1m[36mArticle Load (0.0ms)[0m  [1m[34mSELECT "articles".* FROM "articles" WHERE "articles"."id" = 3 LIMIT 1 /*action='show',application='Blog',controller='articles'*/[0m
  ↳ app/controllers/articles_controller.rb:7:in `show'
  Rendering layout layouts/application.html.erb
  Rendering articles/show.html.erb within layouts/application
  Rendered articles/show.html.erb within layouts/application (Duration: 0.2ms | GC: 0.0ms)
  Rendered layout layouts/application.html.erb (Duration: 11.5ms | GC: 6.2ms)
Completed 200 OK in 55ms (Views: 12.7ms | ActiveRecord: 0.6ms (1 query, 0 cached) | GC: 6.2ms)


Started GET "/articles/" for ::1 at 2025-03-17 13:09:27 -0400
Processing by ArticlesController#index as HTML
  Rendering layout layouts/application.html.erb
  Rendering articles/index.html.erb within layouts/application
  [1m[36mArticle Load (0.2ms)[0m  [1m[34mSELECT "articles".* FROM "articles" /*action='index',application='Blog',controller='articles'*/[0m
  ↳ app/views/articles/index.html.erb:4
  Rendered articles/index.html.erb within layouts/application (Duration: 2.1ms | GC: 0.0ms)
  Rendered layout layouts/application.html.erb (Duration: 3.3ms | GC: 0.0ms)
Completed 200 OK in 48ms (Views: 3.6ms | ActiveRecord: 0.2ms (1 query, 0 cached) | GC: 0.0ms)


Started GET "/articles/" for ::1 at 2025-03-17 13:09:27 -0400
Processing by ArticlesController#index as HTML
  Rendering layout layouts/application.html.erb
  Rendering articles/index.html.erb within layouts/application
  [1m[36mArticle Load (0.1ms)[0m  [1m[34mSELECT "articles".* FROM "articles" /*action='index',application='Blog',controller='articles'*/[0m
  ↳ app/views/articles/index.html.erb:4
  Rendered articles/index.html.erb within layouts/application (Duration: 1.2ms | GC: 0.0ms)
  Rendered layout layouts/application.html.erb (Duration: 2.0ms | GC: 0.0ms)
Completed 200 OK in 40ms (Views: 2.2ms | ActiveRecord: 0.1ms (1 query, 0 cached) | GC: 0.0ms)


Started GET "/articles/new" for ::1 at 2025-03-17 13:09:28 -0400
Processing by ArticlesController#new as HTML
  Rendering layout layouts/application.html.erb
  Rendering articles/new.html.erb within layouts/application
  Rendered articles/_form.html.erb (Duration: 13.4ms | GC: 12.0ms)
  Rendered articles/new.html.erb within layouts/application (Duration: 14.2ms | GC: 12.0ms)
  Rendered layout layouts/application.html.erb (Duration: 14.4ms | GC: 12.0ms)
Completed 500 Internal Server Error in 53ms (ActiveRecord: 0.0ms (0 queries, 0 cached) | GC: 12.0ms)


  
ActionView::Template::Error (undefined local variable or method `article' for an instance of #<Class:0x00000001215db228>)
Caused by: NameError (undefined local variable or method `article' for an instance of #<Class:0x00000001215db228>)

Information for: ActionView::Template::Error (undefined local variable or method `article' for an instance of #<Class:0x00000001215db228>):
    1: <%= form_with model: article do |form| %>
    2:   <div>
    3:     <%= form.label :title %><br>
    4:     <%= form.text_field :title %>
  
app/views/articles/_form.html.erb:1
app/views/articles/new.html.erb:3

Information for cause: NameError (undefined local variable or method `article' for an instance of #<Class:0x00000001215db228>):
  
app/views/articles/_form.html.erb:1
app/views/articles/new.html.erb:3
Started GET "/articles/3" for ::1 at 2025-03-17 13:09:29 -0400
Processing by ArticlesController#show as HTML
  Parameters: {"id"=>"3"}
  [1m[36mArticle Load (0.2ms)[0m  [1m[34mSELECT "articles".* FROM "articles" WHERE "articles"."id" = 3 LIMIT 1 /*action='show',application='Blog',controller='articles'*/[0m
  ↳ app/controllers/articles_controller.rb:7:in `show'
  Rendering layout layouts/application.html.erb
  Rendering articles/show.html.erb within layouts/application
  Rendered articles/show.html.erb within layouts/application (Duration: 0.1ms | GC: 0.0ms)
  Rendered layout layouts/application.html.erb (Duration: 1.2ms | GC: 0.0ms)
Completed 200 OK in 44ms (Views: 1.6ms | ActiveRecord: 0.2ms (1 query, 0 cached) | GC: 0.0ms)


Started GET "/articles/3/edit" for ::1 at 2025-03-17 13:09:34 -0400
Processing by ArticlesController#edit as HTML
  Parameters: {"id"=>"3"}
  [1m[36mArticle Load (0.2ms)[0m  [1m[34mSELECT "articles".* FROM "articles" WHERE "articles"."id" = 3 LIMIT 1 /*action='edit',application='Blog',controller='articles'*/[0m
  ↳ app/controllers/articles_controller.rb:25:in `edit'
  Rendering layout layouts/application.html.erb
  Rendering articles/edit.html.erb within layouts/application
  Rendered articles/_form.html.erb (Duration: 3.1ms | GC: 0.0ms)
  Rendered articles/edit.html.erb within layouts/application (Duration: 3.7ms | GC: 0.0ms)
  Rendered layout layouts/application.html.erb (Duration: 4.2ms | GC: 0.0ms)
Completed 200 OK in 46ms (Views: 4.4ms | ActiveRecord: 0.2ms (1 query, 0 cached) | GC: 0.0ms)


Started PATCH "/articles/3" for ::1 at 2025-03-17 13:09:42 -0400
Processing by ArticlesController#update as TURBO_STREAM
  Parameters: {"authenticity_token"=>"[FILTERED]", "article"=>{"title"=>"Update Hello", "body"=>"asdfoijaspdofijasoidfjaoisjd faoisdjf aopisdf"}, "commit"=>"Update Article", "id"=>"3"}
  [1m[36mArticle Load (0.2ms)[0m  [1m[34mSELECT "articles".* FROM "articles" WHERE "articles"."id" = 3 LIMIT 1 /*action='update',application='Blog',controller='articles'*/[0m
  ↳ app/controllers/articles_controller.rb:29:in `update'
  [1m[36mTRANSACTION (0.1ms)[0m  [1m[35mBEGIN immediate TRANSACTION /*action='update',application='Blog',controller='articles'*/[0m
  ↳ app/controllers/articles_controller.rb:31:in `update'
  [1m[36mArticle Update (0.6ms)[0m  [1m[33mUPDATE "articles" SET "title" = 'Update Hello', "updated_at" = '2025-03-17 17:09:42.421647' WHERE "articles"."id" = 3 /*action='update',application='Blog',controller='articles'*/[0m
  ↳ app/controllers/articles_controller.rb:31:in `update'
  [1m[36mTRANSACTION (0.1ms)[0m  [1m[35mCOMMIT TRANSACTION /*action='update',application='Blog',controller='articles'*/[0m
  ↳ app/controllers/articles_controller.rb:31:in `update'
Redirected to http://localhost:3000/articles/3
Completed 302 Found in 40ms (ActiveRecord: 1.0ms (2 queries, 0 cached) | GC: 0.0ms)


Started GET "/articles/3" for ::1 at 2025-03-17 13:09:42 -0400
Processing by ArticlesController#show as TURBO_STREAM
  Parameters: {"id"=>"3"}
  [1m[36mArticle Load (0.1ms)[0m  [1m[34mSELECT "articles".* FROM "articles" WHERE "articles"."id" = 3 LIMIT 1 /*action='show',application='Blog',controller='articles'*/[0m
  ↳ app/controllers/articles_controller.rb:7:in `show'
  Rendering layout layouts/application.html.erb
  Rendering articles/show.html.erb within layouts/application
  Rendered articles/show.html.erb within layouts/application (Duration: 0.1ms | GC: 0.0ms)
  Rendered layout layouts/application.html.erb (Duration: 0.6ms | GC: 0.0ms)
Completed 200 OK in 23ms (Views: 0.8ms | ActiveRecord: 0.1ms (1 query, 0 cached) | GC: 0.0ms)


Started GET "/articles/" for ::1 at 2025-03-17 13:09:47 -0400
Processing by ArticlesController#index as HTML
  Rendering layout layouts/application.html.erb
  Rendering articles/index.html.erb within layouts/application
  [1m[36mArticle Load (0.1ms)[0m  [1m[34mSELECT "articles".* FROM "articles" /*action='index',application='Blog',controller='articles'*/[0m
  ↳ app/views/articles/index.html.erb:4
  Rendered articles/index.html.erb within layouts/application (Duration: 1.2ms | GC: 0.0ms)
  Rendered layout layouts/application.html.erb (Duration: 2.1ms | GC: 0.0ms)
Completed 200 OK in 45ms (Views: 2.3ms | ActiveRecord: 0.1ms (1 query, 0 cached) | GC: 0.0ms)


  [1m[36mActiveRecord::InternalMetadata Load (0.1ms)[0m  [1m[34mSELECT * FROM "ar_internal_metadata" WHERE "ar_internal_metadata"."key" = 'environment' ORDER BY "ar_internal_metadata"."key" ASC LIMIT 1 /*application='Blog'*/[0m
  [1m[36mActiveRecord::SchemaMigration Load (0.0ms)[0m  [1m[34mSELECT "schema_migrations"."version" FROM "schema_migrations" ORDER BY "schema_migrations"."version" ASC /*application='Blog'*/[0m
  [1m[36mActiveRecord::SchemaMigration Load (0.0ms)[0m  [1m[34mSELECT "schema_migrations"."version" FROM "schema_migrations" ORDER BY "schema_migrations"."version" ASC /*application='Blog'*/[0m
  [1m[36mActiveRecord::SchemaMigration Load (0.1ms)[0m  [1m[34mSELECT "schema_migrations"."version" FROM "schema_migrations" ORDER BY "schema_migrations"."version" ASC /*application='Blog'*/[0m
Started GET "/" for ::1 at 2025-03-18 09:59:06 -0400
  [1m[36mActiveRecord::SchemaMigration Load (0.0ms)[0m  [1m[34mSELECT "schema_migrations"."version" FROM "schema_migrations" ORDER BY "schema_migrations"."version" ASC /*application='Blog'*/[0m
Processing by ArticlesController#index as HTML
  Rendering layout layouts/application.html.erb
  Rendering articles/index.html.erb within layouts/application
  [1m[36mArticle Load (0.6ms)[0m  [1m[34mSELECT "articles".* FROM "articles" /*action='index',application='Blog',controller='articles'*/[0m
  ↳ app/views/articles/index.html.erb:4
  Rendered articles/index.html.erb within layouts/application (Duration: 4.1ms | GC: 0.0ms)
  Rendered layout layouts/application.html.erb (Duration: 16.7ms | GC: 6.5ms)
Completed 200 OK in 64ms (Views: 17.2ms | ActiveRecord: 0.9ms (1 query, 0 cached) | GC: 6.5ms)


Started GET "/assets/application-8b441ae0.css" for ::1 at 2025-03-18 09:59:06 -0400
Started GET "/assets/application-bfcdf840.js" for ::1 at 2025-03-18 09:59:06 -0400
Started GET "/assets/turbo.min-1262d735.js" for ::1 at 2025-03-18 09:59:06 -0400
Started GET "/assets/stimulus.min-4b1e420e.js" for ::1 at 2025-03-18 09:59:06 -0400
Started GET "/assets/controllers/index-ee64e1f1.js" for ::1 at 2025-03-18 09:59:06 -0400
Started GET "/assets/stimulus-loading-1fc53fe7.js" for ::1 at 2025-03-18 09:59:06 -0400
Started GET "/assets/controllers/application-3affb389.js" for ::1 at 2025-03-18 09:59:06 -0400
Started GET "/assets/controllers/hello_controller-708796bd.js" for ::1 at 2025-03-18 09:59:06 -0400
Started GET "/articles/1" for ::1 at 2025-03-18 09:59:07 -0400
Processing by ArticlesController#show as HTML
  Parameters: {"id"=>"1"}
  [1m[36mArticle Load (0.2ms)[0m  [1m[34mSELECT "articles".* FROM "articles" WHERE "articles"."id" = 1 LIMIT 1 /*action='show',application='Blog',controller='articles'*/[0m
  ↳ app/controllers/articles_controller.rb:7:in `show'
  Rendering layout layouts/application.html.erb
  Rendering articles/show.html.erb within layouts/application
  Rendered articles/show.html.erb within layouts/application (Duration: 0.7ms | GC: 0.0ms)
  Rendered layout layouts/application.html.erb (Duration: 4.8ms | GC: 0.3ms)
Completed 200 OK in 38ms (Views: 5.1ms | ActiveRecord: 0.1ms (1 query, 0 cached) | GC: 0.3ms)


Started GET "/articles/3" for ::1 at 2025-03-18 09:59:07 -0400
Processing by ArticlesController#show as HTML
  Parameters: {"id"=>"3"}
  [1m[36mArticle Load (0.2ms)[0m  [1m[34mSELECT "articles".* FROM "articles" WHERE "articles"."id" = 3 LIMIT 1 /*action='show',application='Blog',controller='articles'*/[0m
  ↳ app/controllers/articles_controller.rb:7:in `show'
  Rendering layout layouts/application.html.erb
  Rendering articles/show.html.erb within layouts/application
  Rendered articles/show.html.erb within layouts/application (Duration: 0.3ms | GC: 0.0ms)
  Rendered layout layouts/application.html.erb (Duration: 1.4ms | GC: 0.2ms)
Completed 200 OK in 46ms (Views: 1.8ms | ActiveRecord: 0.2ms (1 query, 0 cached) | GC: 0.2ms)


Started GET "/articles/new" for ::1 at 2025-03-18 09:59:08 -0400
Processing by ArticlesController#new as HTML
  Rendering layout layouts/application.html.erb
  Rendering articles/new.html.erb within layouts/application
  Rendered articles/_form.html.erb (Duration: 2.1ms | GC: 0.1ms)
  Rendered articles/new.html.erb within layouts/application (Duration: 3.2ms | GC: 0.1ms)
  Rendered layout layouts/application.html.erb (Duration: 3.5ms | GC: 0.1ms)
Completed 500 Internal Server Error in 44ms (ActiveRecord: 0.0ms (0 queries, 0 cached) | GC: 0.1ms)


  
ActionView::Template::Error (undefined local variable or method `article' for an instance of #<Class:0x00000001294fb4b8>)
Caused by: NameError (undefined local variable or method `article' for an instance of #<Class:0x00000001294fb4b8>)

Information for: ActionView::Template::Error (undefined local variable or method `article' for an instance of #<Class:0x00000001294fb4b8>):
    1: <%= form_with model: article do |form| %>
    2:   <div>
    3:     <%= form.label :title %><br>
    4:     <%= form.text_field :title %>
  
app/views/articles/_form.html.erb:1
app/views/articles/new.html.erb:3

Information for cause: NameError (undefined local variable or method `article' for an instance of #<Class:0x00000001294fb4b8>):
  
app/views/articles/_form.html.erb:1
app/views/articles/new.html.erb:3
Started GET "/articles/new" for ::1 at 2025-03-18 09:59:44 -0400
Processing by ArticlesController#new as HTML
  Rendering layout layouts/application.html.erb
  Rendering articles/new.html.erb within layouts/application
  Rendered articles/_form.html.erb (Duration: 1.7ms | GC: 1.3ms)
  Rendered articles/new.html.erb within layouts/application (Duration: 2.5ms | GC: 1.6ms)
  Rendered layout layouts/application.html.erb (Duration: 2.7ms | GC: 1.6ms)
Completed 500 Internal Server Error in 36ms (ActiveRecord: 1.0ms (0 queries, 0 cached) | GC: 7.6ms)


  
ActionView::Template::Error (undefined local variable or method `article' for an instance of #<Class:0x000000012bf14240>)
Caused by: NameError (undefined local variable or method `article' for an instance of #<Class:0x000000012bf14240>)

Information for: ActionView::Template::Error (undefined local variable or method `article' for an instance of #<Class:0x000000012bf14240>):
    1: <%= form_with model: article do |form| %>
    2:   <div>
    3:     <%= form.label :title %><br>
    4:     <%= form.text_field :title %>
  
app/views/articles/_form.html.erb:1
app/views/articles/new.html.erb:3

Information for cause: NameError (undefined local variable or method `article' for an instance of #<Class:0x000000012bf14240>):
  
app/views/articles/_form.html.erb:1
app/views/articles/new.html.erb:3
Started GET "/favicon.ico" for ::1 at 2025-03-18 09:59:44 -0400
  
ActionController::RoutingError (No route matches [GET] "/favicon.ico"):
  
Started GET "/" for ::1 at 2025-03-18 10:00:09 -0400
Processing by ArticlesController#index as HTML
  Rendering layout layouts/application.html.erb
  Rendering articles/index.html.erb within layouts/application
  [1m[36mArticle Load (0.4ms)[0m  [1m[34mSELECT "articles".* FROM "articles" /*action='index',application='Blog',controller='articles'*/[0m
  ↳ app/views/articles/index.html.erb:4
  Rendered articles/index.html.erb within layouts/application (Duration: 2.6ms | GC: 0.0ms)
  Rendered layout layouts/application.html.erb (Duration: 3.8ms | GC: 0.0ms)
Completed 200 OK in 29ms (Views: 3.9ms | ActiveRecord: 0.6ms (1 query, 0 cached) | GC: 0.0ms)


Started GET "/articles/new" for ::1 at 2025-03-18 10:00:11 -0400
Processing by ArticlesController#new as HTML
  Rendering layout layouts/application.html.erb
  Rendering articles/new.html.erb within layouts/application
  Rendered articles/_form.html.erb (Duration: 3.5ms | GC: 0.0ms)
  Rendered articles/new.html.erb within layouts/application (Duration: 3.9ms | GC: 0.0ms)
  Rendered layout layouts/application.html.erb (Duration: 4.2ms | GC: 0.0ms)
Completed 200 OK in 39ms (Views: 4.4ms | ActiveRecord: 0.0ms (0 queries, 0 cached) | GC: 0.0ms)


Started POST "/articles" for ::1 at 2025-03-18 10:00:18 -0400
Processing by ArticlesController#create as TURBO_STREAM
  Parameters: {"authenticity_token"=>"[FILTERED]", "article"=>{"title"=>"Testing", "body"=>"testing 123"}, "commit"=>"Create Article"}
  [1m[36mTRANSACTION (0.1ms)[0m  [1m[35mBEGIN immediate TRANSACTION /*action='create',application='Blog',controller='articles'*/[0m
  ↳ app/controllers/articles_controller.rb:17:in `create'
  [1m[36mArticle Create (3.6ms)[0m  [1m[32mINSERT INTO "articles" ("title", "body", "created_at", "updated_at") VALUES ('Testing', 'testing 123', '2025-03-18 14:00:18.609839', '2025-03-18 14:00:18.609839') RETURNING "id" /*action='create',application='Blog',controller='articles'*/[0m
  ↳ app/controllers/articles_controller.rb:17:in `create'
  [1m[36mTRANSACTION (0.4ms)[0m  [1m[35mCOMMIT TRANSACTION /*action='create',application='Blog',controller='articles'*/[0m
  ↳ app/controllers/articles_controller.rb:17:in `create'
Redirected to http://localhost:3000/articles/4
Completed 302 Found in 37ms (ActiveRecord: 4.1ms (1 query, 0 cached) | GC: 2.8ms)


Started GET "/articles/4" for ::1 at 2025-03-18 10:00:18 -0400
Processing by ArticlesController#show as TURBO_STREAM
  Parameters: {"id"=>"4"}
  [1m[36mArticle Load (0.6ms)[0m  [1m[34mSELECT "articles".* FROM "articles" WHERE "articles"."id" = 4 LIMIT 1 /*action='show',application='Blog',controller='articles'*/[0m
  ↳ app/controllers/articles_controller.rb:7:in `show'
  Rendering layout layouts/application.html.erb
  Rendering articles/show.html.erb within layouts/application
  Rendered articles/show.html.erb within layouts/application (Duration: 0.3ms | GC: 0.0ms)
  Rendered layout layouts/application.html.erb (Duration: 0.7ms | GC: 0.0ms)
Completed 200 OK in 22ms (Views: 0.8ms | ActiveRecord: 0.6ms (1 query, 0 cached) | GC: 0.5ms)


Started GET "/articles/4/edit" for ::1 at 2025-03-18 10:00:20 -0400
Processing by ArticlesController#edit as HTML
  Parameters: {"id"=>"4"}
  [1m[36mArticle Load (0.2ms)[0m  [1m[34mSELECT "articles".* FROM "articles" WHERE "articles"."id" = 4 LIMIT 1 /*action='edit',application='Blog',controller='articles'*/[0m
  ↳ app/controllers/articles_controller.rb:25:in `edit'
  Rendering layout layouts/application.html.erb
  Rendering articles/edit.html.erb within layouts/application
  Rendered articles/_form.html.erb (Duration: 1.9ms | GC: 0.7ms)
  Rendered articles/edit.html.erb within layouts/application (Duration: 2.3ms | GC: 0.7ms)
  Rendered layout layouts/application.html.erb (Duration: 2.7ms | GC: 0.7ms)
Completed 200 OK in 44ms (Views: 2.9ms | ActiveRecord: 0.2ms (1 query, 0 cached) | GC: 0.7ms)


Started DELETE "/articles/4?_method=delete" for ::1 at 2025-03-18 10:00:23 -0400
Processing by ArticlesController#destroy as TURBO_STREAM
  Parameters: {"id"=>"4"}
  [1m[36mArticle Load (0.2ms)[0m  [1m[34mSELECT "articles".* FROM "articles" WHERE "articles"."id" = 4 LIMIT 1 /*action='destroy',application='Blog',controller='articles'*/[0m
  ↳ app/controllers/articles_controller.rb:39:in `destroy'
  [1m[36mTRANSACTION (0.0ms)[0m  [1m[35mBEGIN immediate TRANSACTION /*action='destroy',application='Blog',controller='articles'*/[0m
  ↳ app/controllers/articles_controller.rb:40:in `destroy'
  [1m[36mArticle Destroy (0.5ms)[0m  [1m[31mDELETE FROM "articles" WHERE "articles"."id" = 4 /*action='destroy',application='Blog',controller='articles'*/[0m
  ↳ app/controllers/articles_controller.rb:40:in `destroy'
  [1m[36mTRANSACTION (0.1ms)[0m  [1m[35mCOMMIT TRANSACTION /*action='destroy',application='Blog',controller='articles'*/[0m
  ↳ app/controllers/articles_controller.rb:40:in `destroy'
Redirected to http://localhost:3000/
Completed 303 See Other in 41ms (ActiveRecord: 0.8ms (2 queries, 0 cached) | GC: 0.3ms)


Started GET "/" for ::1 at 2025-03-18 10:00:23 -0400
Processing by ArticlesController#index as TURBO_STREAM
  Rendering layout layouts/application.html.erb
  Rendering articles/index.html.erb within layouts/application
  [1m[36mArticle Load (0.1ms)[0m  [1m[34mSELECT "articles".* FROM "articles" /*action='index',application='Blog',controller='articles'*/[0m
  ↳ app/views/articles/index.html.erb:4
  Rendered articles/index.html.erb within layouts/application (Duration: 0.9ms | GC: 0.0ms)
  Rendered layout layouts/application.html.erb (Duration: 1.4ms | GC: 0.0ms)
Completed 200 OK in 25ms (Views: 1.5ms | ActiveRecord: 0.1ms (1 query, 0 cached) | GC: 0.0ms)


Started GET "/articles/3" for ::1 at 2025-03-18 10:00:24 -0400
Processing by ArticlesController#show as HTML
  Parameters: {"id"=>"3"}
  [1m[36mArticle Load (0.2ms)[0m  [1m[34mSELECT "articles".* FROM "articles" WHERE "articles"."id" = 3 LIMIT 1 /*action='show',application='Blog',controller='articles'*/[0m
  ↳ app/controllers/articles_controller.rb:7:in `show'
  Rendering layout layouts/application.html.erb
  Rendering articles/show.html.erb within layouts/application
  Rendered articles/show.html.erb within layouts/application (Duration: 0.3ms | GC: 0.0ms)
  Rendered layout layouts/application.html.erb (Duration: 1.1ms | GC: 0.0ms)
Completed 200 OK in 38ms (Views: 1.4ms | ActiveRecord: 0.2ms (1 query, 0 cached) | GC: 0.2ms)


Started GET "/articles/3" for ::1 at 2025-03-18 10:00:25 -0400
Processing by ArticlesController#show as HTML
  Parameters: {"id"=>"3"}
  [1m[36mArticle Load (0.2ms)[0m  [1m[34mSELECT "articles".* FROM "articles" WHERE "articles"."id" = 3 LIMIT 1 /*action='show',application='Blog',controller='articles'*/[0m
  ↳ app/controllers/articles_controller.rb:7:in `show'
  Rendering layout layouts/application.html.erb
  Rendering articles/show.html.erb within layouts/application
  Rendered articles/show.html.erb within layouts/application (Duration: 0.3ms | GC: 0.0ms)
  Rendered layout layouts/application.html.erb (Duration: 1.3ms | GC: 0.1ms)
Completed 200 OK in 42ms (Views: 1.6ms | ActiveRecord: 0.2ms (1 query, 0 cached) | GC: 0.1ms)


Started DELETE "/articles/3?_method=delete" for ::1 at 2025-03-18 10:00:27 -0400
Processing by ArticlesController#destroy as TURBO_STREAM
  Parameters: {"id"=>"3"}
  [1m[36mArticle Load (0.2ms)[0m  [1m[34mSELECT "articles".* FROM "articles" WHERE "articles"."id" = 3 LIMIT 1 /*action='destroy',application='Blog',controller='articles'*/[0m
  ↳ app/controllers/articles_controller.rb:39:in `destroy'
  [1m[36mTRANSACTION (0.0ms)[0m  [1m[35mBEGIN immediate TRANSACTION /*action='destroy',application='Blog',controller='articles'*/[0m
  ↳ app/controllers/articles_controller.rb:40:in `destroy'
  [1m[36mArticle Destroy (0.5ms)[0m  [1m[31mDELETE FROM "articles" WHERE "articles"."id" = 3 /*action='destroy',application='Blog',controller='articles'*/[0m
  ↳ app/controllers/articles_controller.rb:40:in `destroy'
  [1m[36mTRANSACTION (0.1ms)[0m  [1m[35mCOMMIT TRANSACTION /*action='destroy',application='Blog',controller='articles'*/[0m
  ↳ app/controllers/articles_controller.rb:40:in `destroy'
Redirected to http://localhost:3000/
Completed 303 See Other in 42ms (ActiveRecord: 0.8ms (2 queries, 0 cached) | GC: 0.0ms)


Started GET "/" for ::1 at 2025-03-18 10:00:27 -0400
Processing by ArticlesController#index as TURBO_STREAM
  Rendering layout layouts/application.html.erb
  Rendering articles/index.html.erb within layouts/application
  [1m[36mArticle Load (0.1ms)[0m  [1m[34mSELECT "articles".* FROM "articles" /*action='index',application='Blog',controller='articles'*/[0m
  ↳ app/views/articles/index.html.erb:4
  Rendered articles/index.html.erb within layouts/application (Duration: 0.9ms | GC: 0.0ms)
  Rendered layout layouts/application.html.erb (Duration: 1.6ms | GC: 0.0ms)
Completed 200 OK in 26ms (Views: 1.8ms | ActiveRecord: 0.1ms (1 query, 0 cached) | GC: 0.0ms)


Started GET "/articles/new" for ::1 at 2025-03-18 10:00:29 -0400
Processing by ArticlesController#new as HTML
  Rendering layout layouts/application.html.erb
  Rendering articles/new.html.erb within layouts/application
  Rendered articles/_form.html.erb (Duration: 1.4ms | GC: 0.0ms)
  Rendered articles/new.html.erb within layouts/application (Duration: 1.6ms | GC: 0.0ms)
  Rendered layout layouts/application.html.erb (Duration: 2.1ms | GC: 0.0ms)
Completed 200 OK in 45ms (Views: 2.5ms | ActiveRecord: 0.0ms (0 queries, 0 cached) | GC: 0.0ms)


Started GET "/articles/2" for ::1 at 2025-03-18 10:00:29 -0400
Processing by ArticlesController#show as HTML
  Parameters: {"id"=>"2"}
  [1m[36mArticle Load (0.1ms)[0m  [1m[34mSELECT "articles".* FROM "articles" WHERE "articles"."id" = 2 LIMIT 1 /*action='show',application='Blog',controller='articles'*/[0m
  ↳ app/controllers/articles_controller.rb:7:in `show'
  Rendering layout layouts/application.html.erb
  Rendering articles/show.html.erb within layouts/application
  Rendered articles/show.html.erb within layouts/application (Duration: 0.2ms | GC: 0.0ms)
  Rendered layout layouts/application.html.erb (Duration: 0.8ms | GC: 0.0ms)
Completed 200 OK in 42ms (Views: 1.0ms | ActiveRecord: 0.1ms (1 query, 0 cached) | GC: 0.0ms)


Started DELETE "/articles/2?_method=delete" for ::1 at 2025-03-18 10:00:32 -0400
Processing by ArticlesController#destroy as TURBO_STREAM
  Parameters: {"id"=>"2"}
  [1m[36mArticle Load (0.2ms)[0m  [1m[34mSELECT "articles".* FROM "articles" WHERE "articles"."id" = 2 LIMIT 1 /*action='destroy',application='Blog',controller='articles'*/[0m
  ↳ app/controllers/articles_controller.rb:39:in `destroy'
  [1m[36mTRANSACTION (0.0ms)[0m  [1m[35mBEGIN immediate TRANSACTION /*action='destroy',application='Blog',controller='articles'*/[0m
  ↳ app/controllers/articles_controller.rb:40:in `destroy'
  [1m[36mArticle Destroy (0.5ms)[0m  [1m[31mDELETE FROM "articles" WHERE "articles"."id" = 2 /*action='destroy',application='Blog',controller='articles'*/[0m
  ↳ app/controllers/articles_controller.rb:40:in `destroy'
  [1m[36mTRANSACTION (0.1ms)[0m  [1m[35mCOMMIT TRANSACTION /*action='destroy',application='Blog',controller='articles'*/[0m
  ↳ app/controllers/articles_controller.rb:40:in `destroy'
Redirected to http://localhost:3000/
Completed 303 See Other in 53ms (ActiveRecord: 0.8ms (2 queries, 0 cached) | GC: 4.9ms)


Started GET "/" for ::1 at 2025-03-18 10:00:32 -0400
Processing by ArticlesController#index as TURBO_STREAM
  Rendering layout layouts/application.html.erb
  Rendering articles/index.html.erb within layouts/application
  [1m[36mArticle Load (0.1ms)[0m  [1m[34mSELECT "articles".* FROM "articles" /*action='index',application='Blog',controller='articles'*/[0m
  ↳ app/views/articles/index.html.erb:4
  Rendered articles/index.html.erb within layouts/application (Duration: 0.7ms | GC: 0.0ms)
  Rendered layout layouts/application.html.erb (Duration: 1.2ms | GC: 0.0ms)
Completed 200 OK in 23ms (Views: 1.3ms | ActiveRecord: 0.1ms (1 query, 0 cached) | GC: 0.0ms)


Started GET "/articles/new" for ::1 at 2025-03-18 10:00:33 -0400
Processing by ArticlesController#new as HTML
  Rendering layout layouts/application.html.erb
  Rendering articles/new.html.erb within layouts/application
  Rendered articles/_form.html.erb (Duration: 1.1ms | GC: 0.0ms)
  Rendered articles/new.html.erb within layouts/application (Duration: 1.3ms | GC: 0.0ms)
  Rendered layout layouts/application.html.erb (Duration: 1.7ms | GC: 0.0ms)
Completed 200 OK in 39ms (Views: 2.0ms | ActiveRecord: 0.0ms (0 queries, 0 cached) | GC: 0.0ms)


Started POST "/articles" for ::1 at 2025-03-18 10:00:39 -0400
Processing by ArticlesController#create as TURBO_STREAM
  Parameters: {"authenticity_token"=>"[FILTERED]", "article"=>{"title"=>"Testing 123", "body"=>"OTIjeotqjweapiofjasodip jfaoipsdfj asopidjfopasjdfsoif a"}, "commit"=>"Create Article"}
  [1m[36mTRANSACTION (0.1ms)[0m  [1m[35mBEGIN immediate TRANSACTION /*action='create',application='Blog',controller='articles'*/[0m
  ↳ app/controllers/articles_controller.rb:17:in `create'
  [1m[36mArticle Create (1.0ms)[0m  [1m[32mINSERT INTO "articles" ("title", "body", "created_at", "updated_at") VALUES ('Testing 123', 'OTIjeotqjweapiofjasodip jfaoipsdfj asopidjfopasjdfsoif a', '2025-03-18 14:00:39.956830', '2025-03-18 14:00:39.956830') RETURNING "id" /*action='create',application='Blog',controller='articles'*/[0m
  ↳ app/controllers/articles_controller.rb:17:in `create'
  [1m[36mTRANSACTION (0.1ms)[0m  [1m[35mCOMMIT TRANSACTION /*action='create',application='Blog',controller='articles'*/[0m
  ↳ app/controllers/articles_controller.rb:17:in `create'
Redirected to http://localhost:3000/articles/5
Completed 302 Found in 44ms (ActiveRecord: 1.2ms (1 query, 0 cached) | GC: 0.6ms)


Started GET "/articles/5" for ::1 at 2025-03-18 10:00:39 -0400
Processing by ArticlesController#show as TURBO_STREAM
  Parameters: {"id"=>"5"}
  [1m[36mArticle Load (0.1ms)[0m  [1m[34mSELECT "articles".* FROM "articles" WHERE "articles"."id" = 5 LIMIT 1 /*action='show',application='Blog',controller='articles'*/[0m
  ↳ app/controllers/articles_controller.rb:7:in `show'
  Rendering layout layouts/application.html.erb
  Rendering articles/show.html.erb within layouts/application
  Rendered articles/show.html.erb within layouts/application (Duration: 0.1ms | GC: 0.0ms)
  Rendered layout layouts/application.html.erb (Duration: 0.7ms | GC: 0.1ms)
Completed 200 OK in 23ms (Views: 0.8ms | ActiveRecord: 0.1ms (1 query, 0 cached) | GC: 0.1ms)


  [1m[36mCACHE ActiveRecord::SchemaMigration Load (0.0ms)[0m  [1m[34mSELECT "schema_migrations"."version" FROM "schema_migrations" ORDER BY "schema_migrations"."version" ASC[0m
  [1m[36mActiveRecord::InternalMetadata Load (0.1ms)[0m  [1m[34mSELECT * FROM "ar_internal_metadata" WHERE "ar_internal_metadata"."key" = 'environment' ORDER BY "ar_internal_metadata"."key" ASC LIMIT 1 /*application='Blog'*/[0m
  [1m[36mActiveRecord::SchemaMigration Load (0.0ms)[0m  [1m[34mSELECT "schema_migrations"."version" FROM "schema_migrations" ORDER BY "schema_migrations"."version" ASC /*application='Blog'*/[0m
Migrating to CreateComments (20250318140118)
  [1m[36mTRANSACTION (0.0ms)[0m  [1m[35mBEGIN immediate TRANSACTION /*application='Blog'*/[0m
  [1m[35m (0.4ms)[0m  [1m[35mCREATE TABLE "comments" ("id" integer PRIMARY KEY AUTOINCREMENT NOT NULL, "commenter" varchar, "body" text, "article_id" integer NOT NULL, "created_at" datetime(6) NOT NULL, "updated_at" datetime(6) NOT NULL, CONSTRAINT "fk_rails_3bf61a60d3"
FOREIGN KEY ("article_id")
  REFERENCES "articles" ("id")
) /*application='Blog'*/[0m
  [1m[35m (0.0ms)[0m  [1m[35mCREATE INDEX "index_comments_on_article_id" ON "comments" ("article_id") /*application='Blog'*/[0m
  [1m[36mActiveRecord::SchemaMigration Create (0.0ms)[0m  [1m[32mINSERT INTO "schema_migrations" ("version") VALUES ('20250318140118') RETURNING "version" /*application='Blog'*/[0m
  [1m[36mTRANSACTION (0.1ms)[0m  [1m[35mCOMMIT TRANSACTION /*application='Blog'*/[0m
  [1m[36mActiveRecord::SchemaMigration Load (0.0ms)[0m  [1m[34mSELECT "schema_migrations"."version" FROM "schema_migrations" ORDER BY "schema_migrations"."version" ASC /*application='Blog'*/[0m
Started GET "/" for ::1 at 2025-03-18 16:07:27 -0400
  [1m[36mActiveRecord::SchemaMigration Load (0.2ms)[0m  [1m[34mSELECT "schema_migrations"."version" FROM "schema_migrations" ORDER BY "schema_migrations"."version" ASC /*application='Blog'*/[0m
Processing by ArticlesController#index as HTML
  Rendering layout layouts/application.html.erb
  Rendering articles/index.html.erb within layouts/application
  [1m[36mArticle Load (0.4ms)[0m  [1m[34mSELECT "articles".* FROM "articles" /*action='index',application='Blog',controller='articles'*/[0m
  ↳ app/views/articles/index.html.erb:4
  Rendered articles/index.html.erb within layouts/application (Duration: 3.2ms | GC: 0.0ms)
  Rendered layout layouts/application.html.erb (Duration: 18.5ms | GC: 7.0ms)
Completed 200 OK in 70ms (Views: 19.4ms | ActiveRecord: 0.7ms (1 query, 0 cached) | GC: 7.0ms)


Started GET "/assets/application-8b441ae0.css" for ::1 at 2025-03-18 16:07:27 -0400
Started GET "/assets/application-bfcdf840.js" for ::1 at 2025-03-18 16:07:27 -0400
Started GET "/assets/turbo.min-1262d735.js" for ::1 at 2025-03-18 16:07:27 -0400
Started GET "/assets/stimulus.min-4b1e420e.js" for ::1 at 2025-03-18 16:07:27 -0400
Started GET "/assets/controllers/index-ee64e1f1.js" for ::1 at 2025-03-18 16:07:27 -0400
Started GET "/assets/stimulus-loading-1fc53fe7.js" for ::1 at 2025-03-18 16:07:28 -0400
Started GET "/assets/controllers/application-3affb389.js" for ::1 at 2025-03-18 16:07:28 -0400
Started GET "/assets/controllers/hello_controller-708796bd.js" for ::1 at 2025-03-18 16:07:28 -0400
Started GET "/articles/5" for ::1 at 2025-03-18 16:07:29 -0400
Processing by ArticlesController#show as HTML
  Parameters: {"id"=>"5"}
  [1m[36mArticle Load (0.2ms)[0m  [1m[34mSELECT "articles".* FROM "articles" WHERE "articles"."id" = 5 LIMIT 1 /*action='show',application='Blog',controller='articles'*/[0m
  ↳ app/controllers/articles_controller.rb:7:in `show'
  Rendering layout layouts/application.html.erb
  Rendering articles/show.html.erb within layouts/application
  Rendered articles/show.html.erb within layouts/application (Duration: 26.4ms | GC: 0.0ms)
  Rendered layout layouts/application.html.erb (Duration: 26.6ms | GC: 0.0ms)
Completed 500 Internal Server Error in 72ms (ActiveRecord: 0.4ms (1 query, 0 cached) | GC: 0.0ms)


  
ActionView::Template::Error (undefined method `article_comments_path' for an instance of #<Class:0x000000011f1fde00>)
Caused by: NoMethodError (undefined method `article_comments_path' for an instance of #<Class:0x000000011f1fde00>)

Information for: ActionView::Template::Error (undefined method `article_comments_path' for an instance of #<Class:0x000000011f1fde00>):
    11: </ul>
    12: 
    13: <h2>Add a comment:</h2>
    14: <%= form_with model: [ @article, @article.comments.build ] do |form| %>
    15:   <p>
    16:     <%= form.label :commenter %><br>
    17:     <%= form.text_field :commenter %>
  
app/views/articles/show.html.erb:14

Information for cause: NoMethodError (undefined method `article_comments_path' for an instance of #<Class:0x000000011f1fde00>):
  
app/views/articles/show.html.erb:14
  [1m[36mActiveRecord::InternalMetadata Load (0.0ms)[0m  [1m[34mSELECT * FROM "ar_internal_metadata" WHERE "ar_internal_metadata"."key" = 'environment' ORDER BY "ar_internal_metadata"."key" ASC LIMIT 1 /*application='Blog'*/[0m
  [1m[36mActiveRecord::SchemaMigration Load (0.2ms)[0m  [1m[34mSELECT "schema_migrations"."version" FROM "schema_migrations" ORDER BY "schema_migrations"."version" ASC /*application='Blog'*/[0m
  [1m[36mActiveRecord::SchemaMigration Load (0.0ms)[0m  [1m[34mSELECT "schema_migrations"."version" FROM "schema_migrations" ORDER BY "schema_migrations"."version" ASC /*application='Blog'*/[0m
Started GET "/articles/5" for ::1 at 2025-03-18 16:08:31 -0400
  [1m[36mActiveRecord::SchemaMigration Load (0.2ms)[0m  [1m[34mSELECT "schema_migrations"."version" FROM "schema_migrations" ORDER BY "schema_migrations"."version" ASC /*application='Blog'*/[0m
Processing by ArticlesController#show as HTML
  Parameters: {"id"=>"5"}
  [1m[36mArticle Load (0.0ms)[0m  [1m[34mSELECT "articles".* FROM "articles" WHERE "articles"."id" = 5 LIMIT 1 /*action='show',application='Blog',controller='articles'*/[0m
  ↳ app/controllers/articles_controller.rb:7:in `show'
  Rendering layout layouts/application.html.erb
  Rendering articles/show.html.erb within layouts/application
  Rendered articles/show.html.erb within layouts/application (Duration: 10.1ms | GC: 0.6ms)
  Rendered layout layouts/application.html.erb (Duration: 14.5ms | GC: 0.7ms)
Completed 200 OK in 72ms (Views: 15.8ms | ActiveRecord: 0.8ms (1 query, 0 cached) | GC: 7.3ms)


Started GET "/assets/application-8b441ae0.css" for ::1 at 2025-03-18 16:08:31 -0400
Started GET "/assets/application-bfcdf840.js" for ::1 at 2025-03-18 16:08:31 -0400
Started GET "/assets/turbo.min-1262d735.js" for ::1 at 2025-03-18 16:08:31 -0400
Started GET "/assets/stimulus.min-4b1e420e.js" for ::1 at 2025-03-18 16:08:31 -0400
Started GET "/assets/controllers/index-ee64e1f1.js" for ::1 at 2025-03-18 16:08:31 -0400
Started GET "/assets/stimulus-loading-1fc53fe7.js" for ::1 at 2025-03-18 16:08:31 -0400
Started GET "/assets/controllers/hello_controller-708796bd.js" for ::1 at 2025-03-18 16:08:31 -0400
Started GET "/assets/controllers/application-3affb389.js" for ::1 at 2025-03-18 16:08:31 -0400
Started GET "/articles/5" for ::1 at 2025-03-18 16:09:02 -0400
Processing by ArticlesController#show as HTML
  Parameters: {"id"=>"5"}
  [1m[36mArticle Load (0.0ms)[0m  [1m[34mSELECT "articles".* FROM "articles" WHERE "articles"."id" = 5 LIMIT 1 /*action='show',application='Blog',controller='articles'*/[0m
  ↳ app/controllers/articles_controller.rb:7:in `show'
  Rendering layout layouts/application.html.erb
  Rendering articles/show.html.erb within layouts/application
  Rendered articles/show.html.erb within layouts/application (Duration: 10.9ms | GC: 7.3ms)
  Rendered layout layouts/application.html.erb (Duration: 12.7ms | GC: 7.7ms)
Completed 200 OK in 37ms (Views: 13.6ms | ActiveRecord: 0.9ms (1 query, 0 cached) | GC: 7.7ms)


Started GET "/assets/application-8b441ae0.css" for ::1 at 2025-03-18 16:09:02 -0400
Started GET "/assets/application-bfcdf840.js" for ::1 at 2025-03-18 16:09:02 -0400
Started GET "/assets/turbo.min-1262d735.js" for ::1 at 2025-03-18 16:09:02 -0400
Started GET "/assets/stimulus.min-4b1e420e.js" for ::1 at 2025-03-18 16:09:02 -0400
Started GET "/assets/controllers/index-ee64e1f1.js" for ::1 at 2025-03-18 16:09:02 -0400
Started GET "/assets/stimulus-loading-1fc53fe7.js" for ::1 at 2025-03-18 16:09:02 -0400
Started GET "/assets/controllers/hello_controller-708796bd.js" for ::1 at 2025-03-18 16:09:02 -0400
Started GET "/assets/controllers/application-3affb389.js" for ::1 at 2025-03-18 16:09:02 -0400
Started GET "/articles/5" for ::1 at 2025-03-18 16:10:10 -0400
Processing by ArticlesController#show as HTML
  Parameters: {"id"=>"5"}
  [1m[36mArticle Load (0.0ms)[0m  [1m[34mSELECT "articles".* FROM "articles" WHERE "articles"."id" = 5 LIMIT 1 /*action='show',application='Blog',controller='articles'*/[0m
  ↳ app/controllers/articles_controller.rb:7:in `show'
  Rendering layout layouts/application.html.erb
  Rendering articles/show.html.erb within layouts/application
  [1m[36mComment Load (0.2ms)[0m  [1m[34mSELECT "comments".* FROM "comments" WHERE "comments"."article_id" = 5 /*action='show',application='Blog',controller='articles'*/[0m
  ↳ app/views/articles/show.html.erb:14
  Rendered articles/show.html.erb within layouts/application (Duration: 4.5ms | GC: 0.0ms)
  Rendered layout layouts/application.html.erb (Duration: 5.6ms | GC: 0.0ms)
Completed 200 OK in 34ms (Views: 6.1ms | ActiveRecord: 1.0ms (2 queries, 0 cached) | GC: 0.0ms)


Started POST "/articles/5/comments" for ::1 at 2025-03-18 16:10:20 -0400
Processing by CommentsController#create as TURBO_STREAM
  Parameters: {"authenticity_token"=>"[FILTERED]", "comment"=>{"commenter"=>"Hello World", "body"=>"Hello! Hello!"}, "commit"=>"Create Comment", "article_id"=>"5"}
  [1m[36mArticle Load (0.1ms)[0m  [1m[34mSELECT "articles".* FROM "articles" WHERE "articles"."id" = 5 LIMIT 1 /*action='create',application='Blog',controller='comments'*/[0m
  ↳ app/controllers/comments_controller.rb:3:in `create'
  [1m[36mTRANSACTION (0.0ms)[0m  [1m[35mBEGIN immediate TRANSACTION /*action='create',application='Blog',controller='comments'*/[0m
  ↳ app/controllers/comments_controller.rb:4:in `create'
  [1m[36mComment Create (0.7ms)[0m  [1m[32mINSERT INTO "comments" ("commenter", "body", "article_id", "created_at", "updated_at") VALUES ('Hello World', 'Hello! Hello!', 5, '2025-03-18 20:10:20.202151', '2025-03-18 20:10:20.202151') RETURNING "id" /*action='create',application='Blog',controller='comments'*/[0m
  ↳ app/controllers/comments_controller.rb:4:in `create'
  [1m[36mTRANSACTION (1.1ms)[0m  [1m[35mCOMMIT TRANSACTION /*action='create',application='Blog',controller='comments'*/[0m
  ↳ app/controllers/comments_controller.rb:4:in `create'
Redirected to http://localhost:3000/articles/5
Completed 302 Found in 39ms (ActiveRecord: 1.9ms (2 queries, 0 cached) | GC: 0.0ms)


Started GET "/articles/5" for ::1 at 2025-03-18 16:10:20 -0400
Processing by ArticlesController#show as TURBO_STREAM
  Parameters: {"id"=>"5"}
  [1m[36mArticle Load (0.1ms)[0m  [1m[34mSELECT "articles".* FROM "articles" WHERE "articles"."id" = 5 LIMIT 1 /*action='show',application='Blog',controller='articles'*/[0m
  ↳ app/controllers/articles_controller.rb:7:in `show'
  Rendering layout layouts/application.html.erb
  Rendering articles/show.html.erb within layouts/application
  [1m[36mComment Load (0.0ms)[0m  [1m[34mSELECT "comments".* FROM "comments" WHERE "comments"."article_id" = 5 /*action='show',application='Blog',controller='articles'*/[0m
  ↳ app/views/articles/show.html.erb:14
  Rendered articles/show.html.erb within layouts/application (Duration: 1.4ms | GC: 0.0ms)
  Rendered layout layouts/application.html.erb (Duration: 1.6ms | GC: 0.0ms)
Completed 200 OK in 21ms (Views: 2.1ms | ActiveRecord: 0.1ms (2 queries, 0 cached) | GC: 0.4ms)


Started GET "/articles/5" for ::1 at 2025-03-18 16:11:08 -0400
Processing by ArticlesController#show as HTML
  Parameters: {"id"=>"5"}
  [1m[36mArticle Load (0.0ms)[0m  [1m[34mSELECT "articles".* FROM "articles" WHERE "articles"."id" = 5 LIMIT 1 /*action='show',application='Blog',controller='articles'*/[0m
  ↳ app/controllers/articles_controller.rb:7:in `show'
  Rendering layout layouts/application.html.erb
  Rendering articles/show.html.erb within layouts/application
  [1m[36mComment Load (0.0ms)[0m  [1m[34mSELECT "comments".* FROM "comments" WHERE "comments"."article_id" = 5 /*action='show',application='Blog',controller='articles'*/[0m
  ↳ app/views/articles/show.html.erb:14
  Rendered collection of comments/_comment.html.erb [1 times] (Duration: 0.2ms | GC: 0.0ms)
  Rendered articles/show.html.erb within layouts/application (Duration: 4.7ms | GC: 0.0ms)
  Rendered layout layouts/application.html.erb (Duration: 5.7ms | GC: 0.0ms)
Completed 200 OK in 33ms (Views: 6.3ms | ActiveRecord: 0.8ms (2 queries, 0 cached) | GC: 0.2ms)


Started GET "/articles/5" for ::1 at 2025-03-18 16:11:38 -0400
Processing by ArticlesController#show as HTML
  Parameters: {"id"=>"5"}
  [1m[36mArticle Load (0.1ms)[0m  [1m[34mSELECT "articles".* FROM "articles" WHERE "articles"."id" = 5 LIMIT 1 /*action='show',application='Blog',controller='articles'*/[0m
  ↳ app/controllers/articles_controller.rb:7:in `show'
  Rendering layout layouts/application.html.erb
  Rendering articles/show.html.erb within layouts/application
  [1m[36mComment Load (0.0ms)[0m  [1m[34mSELECT "comments".* FROM "comments" WHERE "comments"."article_id" = 5 /*action='show',application='Blog',controller='articles'*/[0m
  ↳ app/views/articles/show.html.erb:14
  Rendered collection of comments/_comment.html.erb [1 times] (Duration: 0.3ms | GC: 0.1ms)
  Rendered comments/_form.html.erb (Duration: 0.9ms | GC: 0.0ms)
  Rendered articles/show.html.erb within layouts/application (Duration: 5.8ms | GC: 0.2ms)
  Rendered layout layouts/application.html.erb (Duration: 6.7ms | GC: 0.2ms)
Completed 200 OK in 36ms (Views: 7.4ms | ActiveRecord: 0.9ms (2 queries, 0 cached) | GC: 0.4ms)


